TN:
SF:server\database.js
FN:7,(anonymous_0)
FN:16,(anonymous_1)
FN:32,(anonymous_2)
FN:51,(anonymous_3)
FN:64,(anonymous_4)
FN:65,(anonymous_5)
FN:66,(anonymous_6)
FN:74,(anonymous_7)
FN:75,(anonymous_8)
FN:76,(anonymous_9)
FN:84,(anonymous_10)
FN:85,(anonymous_11)
FN:92,(anonymous_12)
FN:96,(anonymous_13)
FN:107,(anonymous_14)
FN:108,(anonymous_15)
FN:116,(anonymous_16)
FN:121,(anonymous_17)
FN:132,(anonymous_18)
FN:133,(anonymous_19)
FN:135,(anonymous_20)
FN:139,(anonymous_21)
FNF:22
FNH:21
FNDA:2,(anonymous_0)
FNDA:2,(anonymous_1)
FNDA:2,(anonymous_2)
FNDA:0,(anonymous_3)
FNDA:2,(anonymous_4)
FNDA:2,(anonymous_5)
FNDA:2,(anonymous_6)
FNDA:4,(anonymous_7)
FNDA:4,(anonymous_8)
FNDA:4,(anonymous_9)
FNDA:6,(anonymous_10)
FNDA:6,(anonymous_11)
FNDA:6,(anonymous_12)
FNDA:5,(anonymous_13)
FNDA:3,(anonymous_14)
FNDA:3,(anonymous_15)
FNDA:3,(anonymous_16)
FNDA:2,(anonymous_17)
FNDA:2,(anonymous_18)
FNDA:2,(anonymous_19)
FNDA:2,(anonymous_20)
FNDA:1,(anonymous_21)
DA:2,2
DA:3,2
DA:6,2
DA:7,2
DA:8,2
DA:9,0
DA:11,2
DA:16,2
DA:17,2
DA:32,2
DA:33,2
DA:34,0
DA:35,0
DA:38,2
DA:39,0
DA:46,0
DA:51,0
DA:52,0
DA:55,0
DA:56,0
DA:62,2
DA:65,2
DA:66,2
DA:67,2
DA:68,2
DA:75,4
DA:76,4
DA:77,4
DA:78,4
DA:85,6
DA:86,6
DA:88,6
DA:93,6
DA:96,5
DA:97,5
DA:98,5
DA:108,3
DA:109,3
DA:111,3
DA:117,3
DA:118,3
DA:121,2
DA:122,2
DA:123,2
DA:133,2
DA:135,2
DA:136,2
DA:137,2
DA:139,1
DA:140,1
DA:141,1
DA:149,2
LF:52
LH:43
BRDA:8,0,0,0
BRDA:8,0,1,2
BRDA:33,1,0,0
BRDA:33,1,1,2
BRDA:38,2,0,0
BRDA:38,2,1,2
BRDA:67,3,0,0
BRDA:67,3,1,2
BRDA:77,4,0,0
BRDA:77,4,1,4
BRDA:93,5,0,1
BRDA:93,5,1,5
BRDA:97,6,0,0
BRDA:97,6,1,5
BRDA:117,7,0,0
BRDA:117,7,1,3
BRDA:118,8,0,1
BRDA:118,8,1,2
BRDA:122,9,0,0
BRDA:122,9,1,2
BRDA:136,10,0,0
BRDA:136,10,1,2
BRDA:137,11,0,1
BRDA:137,11,1,1
BRDA:140,12,0,0
BRDA:140,12,1,1
BRF:26
BRH:16
end_of_record
TN:
SF:server\routes\books.js
FN:7,(anonymous_0)
FN:25,(anonymous_1)
FN:51,(anonymous_2)
FN:94,(anonymous_3)
FN:145,(anonymous_4)
FNF:5
FNH:5
FNDA:5,(anonymous_0)
FNDA:7,(anonymous_1)
FNDA:14,(anonymous_2)
FNDA:7,(anonymous_3)
FNDA:5,(anonymous_4)
DA:2,2
DA:3,2
DA:4,2
DA:7,2
DA:8,5
DA:9,5
DA:10,4
DA:16,1
DA:25,2
DA:26,7
DA:27,7
DA:28,7
DA:30,6
DA:31,4
DA:37,2
DA:42,1
DA:51,2
DA:52,14
DA:53,14
DA:56,14
DA:57,6
DA:63,8
DA:72,6
DA:78,2
DA:79,2
DA:84,0
DA:94,2
DA:95,7
DA:96,7
DA:97,7
DA:100,7
DA:101,2
DA:107,5
DA:116,5
DA:117,2
DA:123,3
DA:129,0
DA:130,0
DA:135,0
DA:145,2
DA:146,5
DA:147,5
DA:149,5
DA:151,4
DA:152,2
DA:158,2
DA:164,1
DA:172,2
LF:48
LH:44
BRDA:30,0,0,4
BRDA:30,0,1,2
BRDA:56,1,0,6
BRDA:56,1,1,8
BRDA:56,2,0,14
BRDA:56,2,1,10
BRDA:78,3,0,2
BRDA:78,3,1,0
BRDA:100,4,0,2
BRDA:100,4,1,5
BRDA:100,5,0,7
BRDA:100,5,1,5
BRDA:116,6,0,2
BRDA:116,6,1,3
BRDA:129,7,0,0
BRDA:129,7,1,0
BRDA:151,8,0,2
BRDA:151,8,1,2
BRF:18
BRH:15
end_of_record
